warning: ignoring unsupported tag 'PAGE_OUTLINE_PANEL' at line 1765, file /tmp/doxyfile.uijdT6
warning: Tag 'DOT_TRANSPARENT' at line 2788 of file '/tmp/doxyfile.uijdT6' has become obsolete.
         To avoid this warning please remove this line from your configuration file or upgrade it using "doxygen -u"
/home/runner/work/hf-pcal95555-driver/hf-pcal95555-driver/src/pcal95555_test.cpp:7: warning: Compound MockI2C is not documented.
/home/runner/work/hf-pcal95555-driver/hf-pcal95555-driver/src/pcal95555.cpp:13: warning: documented symbol 'PCAL95555::PCAL95555' was not declared or defined.
/home/runner/work/hf-pcal95555-driver/hf-pcal95555-driver/src/pcal95555.cpp:17: warning: documented symbol 'void PCAL95555::setRetries' was not declared or defined.
/home/runner/work/hf-pcal95555-driver/hf-pcal95555-driver/src/pcal95555.cpp:23: warning: documented symbol 'bool PCAL95555::writeRegister' was not declared or defined.
/home/runner/work/hf-pcal95555-driver/hf-pcal95555-driver/src/pcal95555.cpp:35: warning: documented symbol 'bool PCAL95555::readRegister' was not declared or defined.
/home/runner/work/hf-pcal95555-driver/hf-pcal95555-driver/src/pcal95555.cpp:48: warning: documented symbol 'void PCAL95555::resetToDefault' was not declared or defined.
/home/runner/work/hf-pcal95555-driver/hf-pcal95555-driver/src/pcal95555.cpp:77: warning: documented symbol 'void PCAL95555::initFromConfig' was not declared or defined.
/home/runner/work/hf-pcal95555-driver/hf-pcal95555-driver/src/pcal95555.cpp:109: warning: documented symbol 'bool PCAL95555::setPinDirection' was not declared or defined.
/home/runner/work/hf-pcal95555-driver/hf-pcal95555-driver/src/pcal95555.cpp:124: warning: documented symbol 'bool PCAL95555::setMultipleDirections' was not declared or defined.
/home/runner/work/hf-pcal95555-driver/hf-pcal95555-driver/src/pcal95555.cpp:148: warning: documented symbol 'bool PCAL95555::readPin' was not declared or defined.
/home/runner/work/hf-pcal95555-driver/hf-pcal95555-driver/src/pcal95555.cpp:164: warning: documented symbol 'bool PCAL95555::writePin' was not declared or defined.
/home/runner/work/hf-pcal95555-driver/hf-pcal95555-driver/src/pcal95555.cpp:180: warning: documented symbol 'bool PCAL95555::togglePin' was not declared or defined.
/home/runner/work/hf-pcal95555-driver/hf-pcal95555-driver/src/pcal95555.cpp:197: warning: documented symbol 'bool PCAL95555::setPullEnable' was not declared or defined.
/home/runner/work/hf-pcal95555-driver/hf-pcal95555-driver/src/pcal95555.cpp:212: warning: documented symbol 'bool PCAL95555::setPullDirection' was not declared or defined.
/home/runner/work/hf-pcal95555-driver/hf-pcal95555-driver/src/pcal95555.cpp:229: warning: documented symbol 'bool PCAL95555::setDriveStrength' was not declared or defined.
/home/runner/work/hf-pcal95555-driver/hf-pcal95555-driver/src/pcal95555.cpp:250: warning: documented symbol 'bool PCAL95555::configureInterruptMask' was not declared or defined.
/home/runner/work/hf-pcal95555-driver/hf-pcal95555-driver/src/pcal95555.cpp:258: warning: documented symbol 'uint16_t PCAL95555::getInterruptStatus' was not declared or defined.
/home/runner/work/hf-pcal95555-driver/hf-pcal95555-driver/src/pcal95555.cpp:267: warning: documented symbol 'bool PCAL95555::setOutputMode' was not declared or defined.
/home/runner/work/hf-pcal95555-driver/hf-pcal95555-driver/src/pcal95555.cpp:274: warning: documented symbol 'void PCAL95555::setInterruptCallback' was not declared or defined.
/home/runner/work/hf-pcal95555-driver/hf-pcal95555-driver/src/pcal95555.cpp:280: warning: documented symbol 'void PCAL95555::handleInterrupt' was not declared or defined.
/home/runner/work/hf-pcal95555-driver/hf-pcal95555-driver/src/pcal95555.cpp:288: warning: documented symbol 'bool PCAL95555::setPinPolarity' was not declared or defined.
/home/runner/work/hf-pcal95555-driver/hf-pcal95555-driver/src/pcal95555.cpp:303: warning: documented symbol 'bool PCAL95555::setMultiplePolarities' was not declared or defined.
/home/runner/work/hf-pcal95555-driver/hf-pcal95555-driver/src/pcal95555.cpp:324: warning: documented symbol 'bool PCAL95555::enableInputLatch' was not declared or defined.
/home/runner/work/hf-pcal95555-driver/hf-pcal95555-driver/src/pcal95555.cpp:339: warning: documented symbol 'bool PCAL95555::enableMultipleInputLatches' was not declared or defined.
/home/runner/work/hf-pcal95555-driver/hf-pcal95555-driver/src/pcal95555.cpp:361: warning: documented symbol 'uint16_t PCAL95555::getErrorFlags' was not declared or defined.
/home/runner/work/hf-pcal95555-driver/hf-pcal95555-driver/src/pcal95555.cpp:366: warning: documented symbol 'void PCAL95555::clearErrorFlags' was not declared or defined.
/home/runner/work/hf-pcal95555-driver/hf-pcal95555-driver/src/pcal95555.cpp:371: warning: documented symbol 'void PCAL95555::setError' was not declared or defined.
/home/runner/work/hf-pcal95555-driver/hf-pcal95555-driver/src/pcal95555.cpp:376: warning: documented symbol 'void PCAL95555::clearError' was not declared or defined.
Doxygen version used: 1.10.0 (ebc57c6dd303a980bd19dd74b8b61c8f3f5180ca)
Searching for include files...
Searching for example files...
Searching for images...
Searching for dot files...
Searching for msc files...
Searching for dia files...
Searching for files to exclude
Searching INPUT for files to process...
Searching for files in directory /home/runner/work/hf-pcal95555-driver/hf-pcal95555-driver/docs
Searching for files in directory /home/runner/work/hf-pcal95555-driver/hf-pcal95555-driver/src
Reading and parsing tag files
Parsing files
Reading /home/runner/work/hf-pcal95555-driver/hf-pcal95555-driver/README.md...
Reading /home/runner/work/hf-pcal95555-driver/hf-pcal95555-driver/docs/api_reference.md...
Reading /home/runner/work/hf-pcal95555-driver/hf-pcal95555-driver/docs/configuration.md...
Reading /home/runner/work/hf-pcal95555-driver/hf-pcal95555-driver/docs/examples.md...
Reading /home/runner/work/hf-pcal95555-driver/hf-pcal95555-driver/docs/guidelines.md...
Reading /home/runner/work/hf-pcal95555-driver/hf-pcal95555-driver/docs/hardware_overview.md...
Reading /home/runner/work/hf-pcal95555-driver/hf-pcal95555-driver/docs/index.md...
Reading /home/runner/work/hf-pcal95555-driver/hf-pcal95555-driver/docs/installation.md...
Reading /home/runner/work/hf-pcal95555-driver/hf-pcal95555-driver/docs/platform_integration.md...
Reading /home/runner/work/hf-pcal95555-driver/hf-pcal95555-driver/docs/quickstart.md...
Preprocessing /home/runner/work/hf-pcal95555-driver/hf-pcal95555-driver/src/pcal95555.cpp...
Parsing file /home/runner/work/hf-pcal95555-driver/hf-pcal95555-driver/src/pcal95555.cpp...
Preprocessing /home/runner/work/hf-pcal95555-driver/hf-pcal95555-driver/src/pcal95555_test.cpp...
Parsing file /home/runner/work/hf-pcal95555-driver/hf-pcal95555-driver/src/pcal95555_test.cpp...
Building macro definition list...
Building group list...
Building directory list...
Building namespace list...
Building file list...
Building class list...
Building concept list...
Computing nesting relations for classes...
Associating documentation with classes...
Associating documentation with concepts...
Associating documentation with modules...
Building example list...
Searching for enumerations...
Searching for documented typedefs...
Searching for members imported via using declarations...
Searching for included using directives...
Searching for documented variables...
Building interface member list...
Building member list...
Searching for friends...
Searching for documented defines...
Computing class inheritance relations...
Computing class usage relations...
Flushing cached template relations that have become invalid...
Computing class relations...
Add enum values to enums...
Searching for member function documentation...
Creating members for template instances...
Building page list...
Search for main page...
Computing page relations...
Determining the scope of groups...
Computing module relations...
Sorting lists...
Determining which enums are documented
Computing member relations...
Building full member lists recursively...
Adding members to member groups.
Computing member references...
Inheriting documentation...
Generating disk names...
Adding source references...
Adding xrefitems...
Sorting member lists...
Setting anonymous enum type...
Computing dependencies between directories...
Generating citations page...
Counting members...
Counting data structures...
Resolving user defined references...
Finding anchors and sections in the documentation...
Transferring function references...
Combining using relations...
Adding members to index pages...
Correcting members for VHDL...
Computing tooltip texts...
Generating style sheet...
Generating search indices...
Generating example documentation...
Generating file sources...
Generating file documentation...
Generating page documentation...
Generating docs for page md_docs_2api__reference...
Generating docs for page md_docs_2configuration...
Generating docs for page md_docs_2examples...
Generating docs for page md_docs_2guidelines...
Generating docs for page md_docs_2hardware__overview...
Gen/home/runner/work/hf-pcal95555-driver/hf-pcal95555-driver/src/pcal95555_test.cpp:36: warning: Member write(uint8_t addr, uint8_t reg, const uint8_t *data, size_t len) override (function) of class MockI2C is not documented.
/home/runner/work/hf-pcal95555-driver/hf-pcal95555-driver/src/pcal95555_test.cpp:78: warning: Member read(uint8_t addr, uint8_t reg, uint8_t *data, size_t len) override (function) of class MockI2C is not documented.
/home/runner/work/hf-pcal95555-driver/hf-pcal95555-driver/src/pcal95555_test.cpp:92: warning: Member setNextWriteNack(int count) (function) of class MockI2C is not documented.
/home/runner/work/hf-pcal95555-driver/hf-pcal95555-driver/src/pcal95555_test.cpp:95: warning: Member setNextReadNack(int count) (function) of class MockI2C is not documented.
/home/runner/work/hf-pcal95555-driver/hf-pcal95555-driver/src/pcal95555_test.cpp:98: warning: Member getReg(uint8_t regAddr) const (function) of class MockI2C is not documented.
/home/runner/work/hf-pcal95555-driver/hf-pcal95555-driver/README.md:9: warning: unable to resolve reference to '-overview' for \ref command
/home/runner/work/hf-pcal95555-driver/hf-pcal95555-driver/README.md:10: warning: unable to resolve reference to '-features' for \ref command
/home/runner/work/hf-pcal95555-driver/hf-pcal95555-driver/README.md:11: warning: unable to resolve reference to '-quick-start' for \ref command
/home/runner/work/hf-pcal95555-driver/hf-pcal95555-driver/README.md:12: warning: unable to resolve reference to '-installation' for \ref command
/home/runner/work/hf-pcal95555-driver/hf-pcal95555-driver/README.md:13: warning: unable to resolve reference to '-api-reference' for \ref command
/home/runner/work/hf-pcal95555-driver/hf-pcal95555-driver/README.md:14: warning: unable to resolve reference to '-examples' for \ref command
/home/runner/work/hf-pcal95555-driver/hf-pcal95555-driver/README.md:15: warning: unable to resolve reference to '-documentation' for \ref command
/home/runner/work/hf-pcal95555-driver/hf-pcal95555-driver/README.md:16: warning: unable to resolve reference to '-contributing' for \ref command
/home/runner/work/hf-pcal95555-driver/hf-pcal95555-driver/README.md:17: warning: unable to resolve reference to '-license' for \ref command
erating docs for page md_docs_2index...
Generating docs for page md_docs_2installation...
Generating docs for page md_docs_2platform__integration...
Generating docs for page md_docs_2quickstart...
Generating group documentation...
Generating class documentation...
Generating docs for compound MockI2C...
Generating concept documentation...
Generating module documentation...
Generating namespace documentation...
Generating graph info page...
Generating directory documentation...
Generating index page...
Generating main page...
Generating page index...
Generating topic index...
Generating module index...
Generating module member index...
Generating namespace index...
Generating namespace member index...
Generating concept index...
Generating annotated compound index...
Generating alphabetical compound index...
Generating hierarchical class index...
Generating graphical class hierarchy...
Generating member index...
Generating file index...
Generating file member index...
Generating example index...
finalizing index lists...
writing tag file...
Running plantuml with JAVA...
Running dot...
Generating dot graphs using 5 parallel threads...
Running dot for graph 1/4
Running dot for graph 2/4
Running dot for graph 3/4
Running dot for graph 4/4
Patching output file 1/6
Patching output file 2/6
Patching output file 3/6
Patching output file 4/6
Patching output file 5/6
Patching output file 6/6
type lookup cache used 2/65536 hits=12 misses=2
symbol lookup cache used 3/65536 hits=56 misses=3
finished...
